<?xml version="1.0" encoding="utf-8"?><testsuites name="pytest tests"><testsuite name="pytest" errors="0" failures="2" skipped="0" tests="14" time="7.551" timestamp="2026-02-06T23:27:50.162032+00:00" hostname="agent-env-fa4b2ea7-59ca-4498-8ddf-bc7b34b85e70"><testcase classname="tests.test_build_engine.TestBuildEngineGenerate" name="test_generate_build_creates_artifacts" time="0.495" /><testcase classname="tests.test_build_engine.TestBuildEngineGenerate" name="test_generate_build_with_react_stack" time="0.796" /><testcase classname="tests.test_build_engine.TestBuildEngineWrite" name="test_write_to_disk_creates_files" time="0.808"><failure message="AssertionError: assert 'total_files_written' in {'files': [{'language': 'json', 'path': '/app/generated/WriteTestProject/frontend/package.json', 'relative_path': 'WriteTestProject/frontend/package.json', 'size_bytes': 405}, {'language': 'typescript', 'path': '/app/generated/WriteTestProject/frontend/app/layout.tsx', 'relative_path': 'WriteTestProject/frontend/app/layout.tsx', 'size_bytes': 359}, {'language': 'typescript', 'path': '/app/generated/WriteTestProject/frontend/app/page.tsx', 'relative_path': 'WriteTestProject/frontend/app/page.tsx', 'size_bytes': 268}, {'language': 'typescript', 'path': '/app/generated/WriteTestProject/frontend/tailwind.config.ts', 'relative_path': 'WriteTestProject/frontend/tailwind.config.ts', 'size_bytes': 244}, {'language': 'text', 'path': '/app/generated/WriteTestProject/backend/requirements.txt', 'relative_path': 'WriteTestProject/backend/requirements.txt', 'size_bytes': 113}, {'language': 'python', 'path': '/app/generated/WriteTestProject/backend/app/main.py', 'relative_path': 'WriteTestProject/backend/app/main.py', 'size_bytes': 583}, ...], 'message': 'Successfully wrote 15 files to disk', 'output_directory': '/app/generated/WriteTestProject', 'project_name': 'WriteTestProject', ...}">tests/test_build_engine.py:182: in test_write_to_disk_creates_files
    assert "total_files_written" in data
E   AssertionError: assert 'total_files_written' in {'files': [{'language': 'json', 'path': '/app/generated/WriteTestProject/frontend/package.json', 'relative_path': 'WriteTestProject/frontend/package.json', 'size_bytes': 405}, {'language': 'typescript', 'path': '/app/generated/WriteTestProject/frontend/app/layout.tsx', 'relative_path': 'WriteTestProject/frontend/app/layout.tsx', 'size_bytes': 359}, {'language': 'typescript', 'path': '/app/generated/WriteTestProject/frontend/app/page.tsx', 'relative_path': 'WriteTestProject/frontend/app/page.tsx', 'size_bytes': 268}, {'language': 'typescript', 'path': '/app/generated/WriteTestProject/frontend/tailwind.config.ts', 'relative_path': 'WriteTestProject/frontend/tailwind.config.ts', 'size_bytes': 244}, {'language': 'text', 'path': '/app/generated/WriteTestProject/backend/requirements.txt', 'relative_path': 'WriteTestProject/backend/requirements.txt', 'size_bytes': 113}, {'language': 'python', 'path': '/app/generated/WriteTestProject/backend/app/main.py', 'relative_path': 'WriteTestProject/backend/app/main.py', 'size_bytes': 583}, ...], 'message': 'Successfully wrote 15 files to disk', 'output_directory': '/app/generated/WriteTestProject', 'project_name': 'WriteTestProject', ...}</failure></testcase><testcase classname="tests.test_build_engine.TestBuildEngineWrite" name="test_write_without_generate_fails" time="0.450" /><testcase classname="tests.test_build_engine.TestBuildEngineTree" name="test_get_file_tree_structure" time="1.544" /><testcase classname="tests.test_build_engine.TestBuildEngineTree" name="test_tree_for_nonexistent_project" time="0.342" /><testcase classname="tests.test_build_engine.TestGeneratedFilesOnDisk" name="test_taskmanager_files_exist" time="0.000" /><testcase classname="tests.test_build_engine.TestGeneratedFilesOnDisk" name="test_python_files_valid_syntax" time="0.111" /><testcase classname="tests.test_build_engine.TestGeneratedFilesOnDisk" name="test_yaml_files_valid_syntax" time="0.013" /><testcase classname="tests.test_build_engine.TestGeneratedFilesOnDisk" name="test_json_files_valid_syntax" time="0.000" /><testcase classname="tests.test_build_engine.TestGeneratedFilesOnDisk" name="test_manifest_has_correct_file_count" time="0.000" /><testcase classname="tests.test_build_engine.TestFullBuildWorkflow" name="test_full_workflow_generate_write_verify" time="0.804"><failure message="KeyError: 'total_files_written'">tests/test_build_engine.py:413: in test_full_workflow_generate_write_verify
    assert write_data["total_files_written"] &gt;= 14
           ^^^^^^^^^^^^^^^^^^^^^^^^^^^^^^^^^
E   KeyError: 'total_files_written'</failure></testcase><testcase classname="tests.test_build_engine.TestBuildEngineArtifacts" name="test_get_artifacts_list" time="1.026" /><testcase classname="tests.test_build_engine.TestBuildEngineArtifacts" name="test_get_deployment_config" time="1.009" /></testsuite></testsuites>