<?xml version="1.0" encoding="utf-8"?><testsuites name="pytest tests"><testsuite name="pytest" errors="0" failures="0" skipped="0" tests="14" time="7.783" timestamp="2026-02-06T23:29:12.800439+00:00" hostname="agent-env-fa4b2ea7-59ca-4498-8ddf-bc7b34b85e70"><testcase classname="tests.test_build_engine.TestBuildEngineGenerate" name="test_generate_build_creates_artifacts" time="0.489" /><testcase classname="tests.test_build_engine.TestBuildEngineGenerate" name="test_generate_build_with_react_stack" time="0.450" /><testcase classname="tests.test_build_engine.TestBuildEngineWrite" name="test_write_to_disk_creates_files" time="1.124" /><testcase classname="tests.test_build_engine.TestBuildEngineWrite" name="test_write_without_generate_fails" time="0.666" /><testcase classname="tests.test_build_engine.TestBuildEngineTree" name="test_get_file_tree_structure" time="1.242" /><testcase classname="tests.test_build_engine.TestBuildEngineTree" name="test_tree_for_nonexistent_project" time="0.345" /><testcase classname="tests.test_build_engine.TestGeneratedFilesOnDisk" name="test_taskmanager_files_exist" time="0.000" /><testcase classname="tests.test_build_engine.TestGeneratedFilesOnDisk" name="test_python_files_valid_syntax" time="0.108" /><testcase classname="tests.test_build_engine.TestGeneratedFilesOnDisk" name="test_yaml_files_valid_syntax" time="0.013" /><testcase classname="tests.test_build_engine.TestGeneratedFilesOnDisk" name="test_json_files_valid_syntax" time="0.000" /><testcase classname="tests.test_build_engine.TestGeneratedFilesOnDisk" name="test_manifest_has_correct_file_count" time="0.000" /><testcase classname="tests.test_build_engine.TestFullBuildWorkflow" name="test_full_workflow_generate_write_verify" time="1.661" /><testcase classname="tests.test_build_engine.TestBuildEngineArtifacts" name="test_get_artifacts_list" time="0.806" /><testcase classname="tests.test_build_engine.TestBuildEngineArtifacts" name="test_get_deployment_config" time="0.792" /></testsuite></testsuites>