<?xml version="1.0" encoding="utf-8"?><testsuites name="pytest tests"><testsuite name="pytest" errors="0" failures="0" skipped="0" tests="24" time="255.086" timestamp="2026-02-07T01:06:08.618467+00:00" hostname="agent-env-fa4b2ea7-59ca-4498-8ddf-bc7b34b85e70"><testcase classname="backend.tests.test_new_features.TestPromptOptimization" name="test_quick_optimize_basic" time="53.298" /><testcase classname="backend.tests.test_new_features.TestPromptOptimization" name="test_quick_optimize_extracts_entities" time="0.498" /><testcase classname="backend.tests.test_new_features.TestPromptOptimization" name="test_quick_optimize_extracts_actions" time="0.346" /><testcase classname="backend.tests.test_new_features.TestPromptOptimization" name="test_quick_optimize_suggests_tech_stack" time="0.355" /><testcase classname="backend.tests.test_new_features.TestPromptOptimization" name="test_quick_optimize_generates_warnings" time="0.460" /><testcase classname="backend.tests.test_new_features.TestPromptOptimization" name="test_get_optimization_patterns" time="0.450" /><testcase classname="backend.tests.test_new_features.TestEnhancedBuild" name="test_enhanced_build_creates_project" time="0.464" /><testcase classname="backend.tests.test_new_features.TestEnhancedBuild" name="test_enhanced_build_creates_crud_routes" time="0.670" /><testcase classname="backend.tests.test_new_features.TestEnhancedBuild" name="test_enhanced_build_creates_auth_module" time="0.452" /><testcase classname="backend.tests.test_new_features.TestEnhancedBuild" name="test_enhanced_build_creates_tests" time="0.801" /><testcase classname="backend.tests.test_new_features.TestBuildPreview" name="test_preview_returns_file_list" time="1.259" /><testcase classname="backend.tests.test_new_features.TestBuildPreview" name="test_preview_includes_file_details" time="0.804" /><testcase classname="backend.tests.test_new_features.TestBuildPreview" name="test_preview_404_for_nonexistent" time="0.906" /><testcase classname="backend.tests.test_new_features.TestZipDownload" name="test_download_returns_zip" time="1.114" /><testcase classname="backend.tests.test_new_features.TestZipDownload" name="test_download_404_for_nonexistent" time="1.215" /><testcase classname="backend.tests.test_new_features.TestMarketingGeneration" name="test_generate_marketing_content" time="48.891" /><testcase classname="backend.tests.test_new_features.TestMarketingGeneration" name="test_marketing_includes_landing_page" time="48.538" /><testcase classname="backend.tests.test_new_features.TestMarketingGeneration" name="test_marketing_includes_email_templates" time="35.775" /><testcase classname="backend.tests.test_new_features.TestMarketingGeneration" name="test_marketing_includes_social_posts" time="55.751" /><testcase classname="backend.tests.test_new_features.TestMarketingGeneration" name="test_get_marketing_content" time="0.844" /><testcase classname="backend.tests.test_new_features.TestMarketingGeneration" name="test_get_marketing_404_for_nonexistent" time="0.351" /><testcase classname="backend.tests.test_new_features.TestLLMStatus" name="test_llm_status_returns_config" time="0.773" /><testcase classname="backend.tests.test_new_features.TestLLMStatus" name="test_llm_status_includes_recommended_models" time="0.449" /><testcase classname="backend.tests.test_new_features" name="test_api_root" time="0.455" /></testsuite></testsuites>