<?xml version="1.0" encoding="utf-8"?><testsuites name="pytest tests"><testsuite name="pytest" errors="0" failures="1" skipped="0" tests="21" time="136.415" timestamp="2026-02-06T23:14:42.585726+00:00" hostname="agent-env-fa4b2ea7-59ca-4498-8ddf-bc7b34b85e70"><testcase classname="backend.tests.test_sgp_full.TestAPIRoot" name="test_api_root_returns_200" time="0.461" /><testcase classname="backend.tests.test_sgp_full.TestAPIRoot" name="test_api_root_has_version" time="0.635" /><testcase classname="backend.tests.test_sgp_full.TestLLMStatus" name="test_llm_status_returns_200" time="0.429" /><testcase classname="backend.tests.test_sgp_full.TestLLMStatus" name="test_llm_status_has_configuration" time="0.317" /><testcase classname="backend.tests.test_sgp_full.TestLLMConfig" name="test_config_cloud_mode" time="0.338" /><testcase classname="backend.tests.test_sgp_full.TestLLMConfig" name="test_config_hybrid_mode" time="0.337" /><testcase classname="backend.tests.test_sgp_full.TestLLMConfig" name="test_config_local_mode_with_warnings" time="0.684" /><testcase classname="backend.tests.test_sgp_full.TestAnalyzeEndpoint" name="test_analyze_returns_session_id" time="27.715" /><testcase classname="backend.tests.test_sgp_full.TestAnalyzeEndpoint" name="test_analyze_returns_llm_info" time="35.450" /><testcase classname="backend.tests.test_sgp_full.TestAnalyzeEndpoint" name="test_analyze_returns_ambiguities" time="29.836" /><testcase classname="backend.tests.test_sgp_full.TestAnalyzeEndpoint" name="test_analyze_returns_confidence_score" time="0.713"><failure message="assert 520 == 200&#10; +  where 520 = &lt;Response [520]&gt;.status_code">backend/tests/test_sgp_full.py:168: in test_analyze_returns_confidence_score
    assert response.status_code == 200
E   assert 520 == 200
E    +  where 520 = &lt;Response [520]&gt;.status_code</failure></testcase><testcase classname="backend.tests.test_sgp_full.TestGenesisProjectInit" name="test_project_init_returns_orchestrator_id" time="0.663" /><testcase classname="backend.tests.test_sgp_full.TestGenesisProjectInit" name="test_project_init_returns_agents" time="0.320" /><testcase classname="backend.tests.test_sgp_full.TestGenesisProjectInit" name="test_project_init_returns_primary_kernel" time="0.426" /><testcase classname="backend.tests.test_sgp_full.TestQualityAssess" name="test_quality_assess_returns_scores" time="0.319" /><testcase classname="backend.tests.test_sgp_full.TestQualityAssess" name="test_quality_assess_returns_dimensions" time="0.318" /><testcase classname="backend.tests.test_sgp_full.TestStackCatalog" name="test_stack_catalog_returns_200" time="0.318" /><testcase classname="backend.tests.test_sgp_full.TestStackCatalog" name="test_stack_catalog_has_categories" time="0.318" /><testcase classname="backend.tests.test_sgp_full.TestBuildGenerate" name="test_build_generate_returns_artifacts" time="0.319" /><testcase classname="backend.tests.test_sgp_full.TestBuildGenerate" name="test_build_generate_returns_artifact_breakdown" time="0.319" /><testcase classname="backend.tests.test_sgp_full.TestEndToEndFlow" name="test_full_socratic_to_genesis_flow" time="36.066" /></testsuite></testsuites>