<?xml version="1.0" encoding="utf-8"?><testsuites name="pytest tests"><testsuite name="pytest" errors="0" failures="5" skipped="0" tests="21" time="9.711" timestamp="2026-02-06T23:10:34.872938+00:00" hostname="agent-env-fa4b2ea7-59ca-4498-8ddf-bc7b34b85e70"><testcase classname="backend.tests.test_sgp_full.TestAPIRoot" name="test_api_root_returns_200" time="0.499" /><testcase classname="backend.tests.test_sgp_full.TestAPIRoot" name="test_api_root_has_version" time="0.746" /><testcase classname="backend.tests.test_sgp_full.TestLLMStatus" name="test_llm_status_returns_200" time="0.419" /><testcase classname="backend.tests.test_sgp_full.TestLLMStatus" name="test_llm_status_has_configuration" time="0.735" /><testcase classname="backend.tests.test_sgp_full.TestLLMConfig" name="test_config_cloud_mode" time="0.338" /><testcase classname="backend.tests.test_sgp_full.TestLLMConfig" name="test_config_hybrid_mode" time="0.339" /><testcase classname="backend.tests.test_sgp_full.TestLLMConfig" name="test_config_local_mode_with_warnings" time="0.447" /><testcase classname="backend.tests.test_sgp_full.TestAnalyzeEndpoint" name="test_analyze_returns_session_id" time="0.424"><failure message="assert 520 == 200&#10; +  where 520 = &lt;Response [520]&gt;.status_code">backend/tests/test_sgp_full.py:120: in test_analyze_returns_session_id
    assert response.status_code == 200
E   assert 520 == 200
E    +  where 520 = &lt;Response [520]&gt;.status_code</failure></testcase><testcase classname="backend.tests.test_sgp_full.TestAnalyzeEndpoint" name="test_analyze_returns_llm_info" time="0.638"><failure message="assert 520 == 200&#10; +  where 520 = &lt;Response [520]&gt;.status_code">backend/tests/test_sgp_full.py:131: in test_analyze_returns_llm_info
    assert response.status_code == 200
E   assert 520 == 200
E    +  where 520 = &lt;Response [520]&gt;.status_code</failure></testcase><testcase classname="backend.tests.test_sgp_full.TestAnalyzeEndpoint" name="test_analyze_returns_ambiguities" time="0.318"><failure message="assert 520 == 200&#10; +  where 520 = &lt;Response [520]&gt;.status_code">backend/tests/test_sgp_full.py:143: in test_analyze_returns_ambiguities
    assert response.status_code == 200
E   assert 520 == 200
E    +  where 520 = &lt;Response [520]&gt;.status_code</failure></testcase><testcase classname="backend.tests.test_sgp_full.TestAnalyzeEndpoint" name="test_analyze_returns_confidence_score" time="0.632"><failure message="assert 520 == 200&#10; +  where 520 = &lt;Response [520]&gt;.status_code">backend/tests/test_sgp_full.py:165: in test_analyze_returns_confidence_score
    assert response.status_code == 200
E   assert 520 == 200
E    +  where 520 = &lt;Response [520]&gt;.status_code</failure></testcase><testcase classname="backend.tests.test_sgp_full.TestGenesisProjectInit" name="test_project_init_returns_orchestrator_id" time="0.319" /><testcase classname="backend.tests.test_sgp_full.TestGenesisProjectInit" name="test_project_init_returns_agents" time="0.349" /><testcase classname="backend.tests.test_sgp_full.TestGenesisProjectInit" name="test_project_init_returns_primary_kernel" time="0.751" /><testcase classname="backend.tests.test_sgp_full.TestQualityAssess" name="test_quality_assess_returns_scores" time="0.318" /><testcase classname="backend.tests.test_sgp_full.TestQualityAssess" name="test_quality_assess_returns_dimensions" time="0.422" /><testcase classname="backend.tests.test_sgp_full.TestStackCatalog" name="test_stack_catalog_returns_200" time="0.317" /><testcase classname="backend.tests.test_sgp_full.TestStackCatalog" name="test_stack_catalog_has_categories" time="0.421" /><testcase classname="backend.tests.test_sgp_full.TestBuildGenerate" name="test_build_generate_returns_artifacts" time="0.317" /><testcase classname="backend.tests.test_sgp_full.TestBuildGenerate" name="test_build_generate_returns_artifact_breakdown" time="0.322" /><testcase classname="backend.tests.test_sgp_full.TestEndToEndFlow" name="test_full_socratic_to_genesis_flow" time="0.422"><failure message="assert 520 == 200&#10; +  where 520 = &lt;Response [520]&gt;.status_code">backend/tests/test_sgp_full.py:337: in test_full_socratic_to_genesis_flow
    assert analyze_response.status_code == 200
E   assert 520 == 200
E    +  where 520 = &lt;Response [520]&gt;.status_code</failure></testcase></testsuite></testsuites>